<?xml version="1.0" encoding="UTF-8"?>
<!-- Generated by org.testng.reporters.JUnitReportReporter -->
<testsuite skipped="0" hostname="DESKTOP-U6VM877" name="SmokeTests.ATagsTest" tests="1" failures="0" timestamp="19 Apr 2019 13:36:11 GMT" time="12.234" errors="0">
  <testcase name="aTagsLinksTest" time="12.234" classname="SmokeTests.ATagsTest"/>
</testsuite> <!-- SmokeTests.ATagsTest -->
