<?xml version="1.0" encoding="UTF-8"?>
<!-- Generated by org.testng.reporters.JUnitReportReporter -->
<testsuite skipped="0" hostname="DESKTOP-U6VM877" name="package1.SignUp" tests="1" failures="0" timestamp="18 Apr 2019 11:11:05 GMT" time="29.395" errors="0">
  <testcase name="automation" time="29.395" classname="package1.SignUp"/>
</testsuite> <!-- package1.SignUp -->
